ARM GAS  ../main_p1_part1.s 			page 1


   1              	@ This program will use a RS-232C driver to make speach come out of an RC
   2              	@ systems 8660 coice synthesizer.
   3              	@
   4              	@ File name: main_p1_part1.s
   5              	@ Board: Beagle Bone Black
   6              	@ Written by: James Ross
   7              	
   8              	.text
   9              	.global MESSAGE
  10              	.global CHAR_PTR
  11              	.global _start
  12              	_start:
  13              	.equ CMD_CHAR,	 0x01 @ Ctrl+A, used at start of commands
  14              	.equ DELIM_CHAR, 0x0D @ Used at end of input to talker
  15              	@********************** START _start *******************************************
  16              	INIT_STACK:
  17 0000 2CD09FE5 		LDR SP, =SVC_STACK
  18 0004 01DA8DE2 		ADD SP, SP, #0x1000 @ point to top of stack
  19 0008 120002F1 		CPS #0x12			@ Switch to IRQ mode
  20              		
  21 000c 24D09FE5 		LDR SP, =IRQ_STACK
  22 0010 01DA8DE2 		ADD SP, SP, #0x1000
  23 0014 130002F1 		CPS #0x13			@ Switch back to SVC mode
  24              		
  25              	INIT_PIN_MAP:
  26 0018 FEFFFFEB 		BL _init_pinMap
  27              		
  28              	INIT_CLOCKS:
  29 001c FEFFFFEB 		BL _init_clocks
  30              	
  31              	INIT_UART4:
  32 0020 FEFFFFEB 		BL _init_uart4
  33              		
  34              	INIT_8660:
  35 0024 FEFFFFEB 		BL _init_syth_8660
  36              		
  37              	INIT_INTERRUPT:
  38 0028 FEFFFFEB 		BL _init_interrupt
  39              	
  40              	INIT_GPIO:
  41 002c FEFFFFEB 		BL _init_gpio
  42              		
  43              	WAIT_LOOP:
  44 0030 FEFFFFEA 		B WAIT_LOOP
  45              	
  46              	.data
  47              	.align 4
  48              		SVC_STACK:
  49              			.rept 1024
  50              				.word 0x0000
  51 0000 00000000 			.endr
  51      00000000 
  51      00000000 
  51      00000000 
  51      00000000 
  52              		IRQ_STACK:
  53              			.rept 1024
ARM GAS  ../main_p1_part1.s 			page 2


  54              				.word 0x0000
  55 1000 00000000 			.endr
  55      00000000 
  55      00000000 
  55      00000000 
  55      00000000 
  56              	.align 4
  57              		MESSAGE:
  58 2000 01       			.byte CMD_CHAR 
  59 2001 374F     			.ascii "7O"  @ Voice of Robo Robert
  60 2003 01       			.byte CMD_CHAR  
  61 2004 3056     			.ascii "0V"	 @ Set volume 0 of 9 (lowest setting, still loud)
  62 2006 01       			.byte CMD_CHAR
  63 2007 3453     			.ascii "4S"	 @ Speech rate reduced by 1 from default 5
  64 2009 54686973 			.ascii "This better fucking work."	
  64      20626574 
  64      74657220 
  64      6675636B 
  64      696E6720 
  65 2022 0D       			.byte 0x0D		
  66 2023 00000000 	.align 4
  66      00000000 
  66      00000000 
  66      00
  67              		CHAR_PTR:
  68 2030 00000000 			.word MESSAGE
  69 2034 00000000 	.end
  69      00000000 
  69      00000000 
ARM GAS  ../main_p1_part1.s 			page 3


DEFINED SYMBOLS
  ../main_p1_part1.s:57     .data:00002000 MESSAGE
  ../main_p1_part1.s:67     .data:00002030 CHAR_PTR
  ../main_p1_part1.s:12     .text:00000000 _start
  ../main_p1_part1.s:13     *ABS*:00000001 CMD_CHAR
  ../main_p1_part1.s:14     *ABS*:0000000d DELIM_CHAR
  ../main_p1_part1.s:16     .text:00000000 INIT_STACK
  ../main_p1_part1.s:48     .data:00000000 SVC_STACK
  ../main_p1_part1.s:17     .text:00000000 $a
  ../main_p1_part1.s:52     .data:00001000 IRQ_STACK
  ../main_p1_part1.s:25     .text:00000018 INIT_PIN_MAP
  ../main_p1_part1.s:28     .text:0000001c INIT_CLOCKS
  ../main_p1_part1.s:31     .text:00000020 INIT_UART4
  ../main_p1_part1.s:34     .text:00000024 INIT_8660
  ../main_p1_part1.s:37     .text:00000028 INIT_INTERRUPT
  ../main_p1_part1.s:40     .text:0000002c INIT_GPIO
  ../main_p1_part1.s:43     .text:00000030 WAIT_LOOP
  ../main_p1_part1.s:47     .data:00000000 $d
  ../main_p1_part1.s:46     .text:00000034 $d
                   .debug_aranges:0000000c $d

UNDEFINED SYMBOLS
_init_pinMap
_init_clocks
_init_uart4
_init_syth_8660
_init_interrupt
_init_gpio
