
**** Build of configuration Debug for project P1_part1 ****

"c:\\ti\\ccsv6\\utils\\bin\\gmake" -k all 
'Building file: ../init_clocks.s'
'Invoking: GNU Compiler'
"c:/ti/ccsv6/tools/compiler/gcc-arm-none-eabi-4_7-2013q3/bin/arm-none-eabi-gcc.exe" -c -mcpu=cortex-a8 -mtune=cortex-a8 -march=armv7-a -marm -Dam3359 -I"c:/ti/ccsv6/tools/compiler/gcc-arm-none-eabi-4_7-2013q3/arm-none-eabi/include" -Xassembler -a=a.lst -g -gstrict-dwarf -Wall -MMD -MP -MF"init_clocks.d" -MT"init_clocks.d" -o"init_clocks.o"  "../init_clocks.s"
../init_clocks.s: Assembler messages:
../init_clocks.s: Warning: end of file in comment; newline inserted
'Finished building: ../init_clocks.s'
' '
'Building file: ../init_gpio.s'
'Invoking: GNU Compiler'
"c:/ti/ccsv6/tools/compiler/gcc-arm-none-eabi-4_7-2013q3/bin/arm-none-eabi-gcc.exe" -c -mcpu=cortex-a8 -mtune=cortex-a8 -march=armv7-a -marm -Dam3359 -I"c:/ti/ccsv6/tools/compiler/gcc-arm-none-eabi-4_7-2013q3/arm-none-eabi/include" -Xassembler -a=a.lst -g -gstrict-dwarf -Wall -MMD -MP -MF"init_gpio.d" -MT"init_gpio.d" -o"init_gpio.o"  "../init_gpio.s"
../init_gpio.s: Assembler messages:
../init_gpio.s: Warning: end of file in comment; newline inserted
'Finished building: ../init_gpio.s'
' '
'Building file: ../init_interrupt.s'
'Invoking: GNU Compiler'
"c:/ti/ccsv6/tools/compiler/gcc-arm-none-eabi-4_7-2013q3/bin/arm-none-eabi-gcc.exe" -c -mcpu=cortex-a8 -mtune=cortex-a8 -march=armv7-a -marm -Dam3359 -I"c:/ti/ccsv6/tools/compiler/gcc-arm-none-eabi-4_7-2013q3/arm-none-eabi/include" -Xassembler -a=a.lst -g -gstrict-dwarf -Wall -MMD -MP -MF"init_interrupt.d" -MT"init_interrupt.d" -o"init_interrupt.o"  "../init_interrupt.s"
../init_interrupt.s: Assembler messages:
../init_interrupt.s: Warning: end of file in comment; newline inserted
'Finished building: ../init_interrupt.s'
' '
'Building file: ../init_pinMapping.s'
'Invoking: GNU Compiler'
"c:/ti/ccsv6/tools/compiler/gcc-arm-none-eabi-4_7-2013q3/bin/arm-none-eabi-gcc.exe" -c -mcpu=cortex-a8 -mtune=cortex-a8 -march=armv7-a -marm -Dam3359 -I"c:/ti/ccsv6/tools/compiler/gcc-arm-none-eabi-4_7-2013q3/arm-none-eabi/include" -Xassembler -a=a.lst -g -gstrict-dwarf -Wall -MMD -MP -MF"init_pinMapping.d" -MT"init_pinMapping.d" -o"init_pinMapping.o"  "../init_pinMapping.s"
../init_pinMapping.s: Assembler messages:
../init_pinMapping.s: Warning: end of file in comment; newline inserted
'Finished building: ../init_pinMapping.s'
' '
'Building file: ../init_syth_8660.s'
'Invoking: GNU Compiler'
"c:/ti/ccsv6/tools/compiler/gcc-arm-none-eabi-4_7-2013q3/bin/arm-none-eabi-gcc.exe" -c -mcpu=cortex-a8 -mtune=cortex-a8 -march=armv7-a -marm -Dam3359 -I"c:/ti/ccsv6/tools/compiler/gcc-arm-none-eabi-4_7-2013q3/arm-none-eabi/include" -Xassembler -a=a.lst -g -gstrict-dwarf -Wall -MMD -MP -MF"init_syth_8660.d" -MT"init_syth_8660.d" -o"init_syth_8660.o"  "../init_syth_8660.s"
../init_syth_8660.s: Assembler messages:
../init_syth_8660.s: Warning: end of file in comment; newline inserted
'Finished building: ../init_syth_8660.s'
' '
'Building file: ../init_uart4.s'
'Invoking: GNU Compiler'
"c:/ti/ccsv6/tools/compiler/gcc-arm-none-eabi-4_7-2013q3/bin/arm-none-eabi-gcc.exe" -c -mcpu=cortex-a8 -mtune=cortex-a8 -march=armv7-a -marm -Dam3359 -I"c:/ti/ccsv6/tools/compiler/gcc-arm-none-eabi-4_7-2013q3/arm-none-eabi/include" -Xassembler -a=a.lst -g -gstrict-dwarf -Wall -MMD -MP -MF"init_uart4.d" -MT"init_uart4.d" -o"init_uart4.o"  "../init_uart4.s"
../init_uart4.s: Assembler messages:
../init_uart4.s: Warning: end of file in comment; newline inserted
'Finished building: ../init_uart4.s'
' '
'Building file: ../int_director.s'
'Invoking: GNU Compiler'
"c:/ti/ccsv6/tools/compiler/gcc-arm-none-eabi-4_7-2013q3/bin/arm-none-eabi-gcc.exe" -c -mcpu=cortex-a8 -mtune=cortex-a8 -march=armv7-a -marm -Dam3359 -I"c:/ti/ccsv6/tools/compiler/gcc-arm-none-eabi-4_7-2013q3/arm-none-eabi/include" -Xassembler -a=a.lst -g -gstrict-dwarf -Wall -MMD -MP -MF"int_director.d" -MT"int_director.d" -o"int_director.o"  "../int_director.s"
../int_director.s: Assembler messages:
../int_director.s: Warning: end of file in comment; newline inserted
'Finished building: ../int_director.s'
' '
'Building file: ../main_p1_part1.s'
'Invoking: GNU Compiler'
"c:/ti/ccsv6/tools/compiler/gcc-arm-none-eabi-4_7-2013q3/bin/arm-none-eabi-gcc.exe" -c -mcpu=cortex-a8 -mtune=cortex-a8 -march=armv7-a -marm -Dam3359 -I"c:/ti/ccsv6/tools/compiler/gcc-arm-none-eabi-4_7-2013q3/arm-none-eabi/include" -Xassembler -a=a.lst -g -gstrict-dwarf -Wall -MMD -MP -MF"main_p1_part1.d" -MT"main_p1_part1.d" -o"main_p1_part1.o"  "../main_p1_part1.s"
../main_p1_part1.s: Assembler messages:
../main_p1_part1.s: Warning: end of file in comment; newline inserted
'Finished building: ../main_p1_part1.s'
' '
'Building target: P1_part1.out'
'Invoking: GNU Linker'
"c:/ti/ccsv6/tools/compiler/gcc-arm-none-eabi-4_7-2013q3/bin/arm-none-eabi-gcc.exe" -Dam3359 -Xassembler -a=a.lst -g -gstrict-dwarf -Wall -Wl,-Map,"P1_part1.map" -nostartfiles -Wl,--defsym,STACKSIZE=0x18000 -Wl,--defsym,HEAPSIZE=0x400 -o"P1_part1.out" "./init_clocks.o" "./init_gpio.o" "./init_interrupt.o" "./init_pinMapping.o" "./init_syth_8660.o" "./init_timer3.o" "./init_uart4.o" "./int_director.o" "./main_p1_part1.o" "./startup_ARMCA8.o" "./toggleLED.o" -Wl,-T"../AM335x.lds"  -Wl,--start-group -l"c" -l"gcc" -l"nosys" -Wl,--end-group 
'Finished building target: P1_part1.out'
' '

**** Build Finished ****
